<?xml version="1.0" encoding="UTF-8"?>
<coverage generated="1763941033295" clover="3.2.0">
  <project timestamp="1763941033296" name="All files">
    <metrics statements="59" coveredstatements="57" conditionals="35" coveredconditionals="33" methods="7" coveredmethods="6" elements="101" coveredelements="96" complexity="0" loc="59" ncloc="59" packages="1" files="1" classes="1"/>
    <file name="romanos.js" path="C:\Users\tisan\Documents\numeros-romanos-StefaniaBrts-master\romanos.js">
      <metrics statements="59" coveredstatements="57" conditionals="35" coveredconditionals="33" methods="7" coveredmethods="6"/>
      <line num="1" count="1" type="stmt"/>
      <line num="2" count="1" type="stmt"/>
      <line num="3" count="1" type="cond" truecount="2" falsecount="0"/>
      <line num="6" count="1" type="stmt"/>
      <line num="13" count="1" type="stmt"/>
      <line num="30" count="1" type="stmt"/>
      <line num="36" count="13" type="stmt"/>
      <line num="38" count="13" type="cond" truecount="2" falsecount="0"/>
      <line num="39" count="5" type="stmt"/>
      <line num="42" count="8" type="stmt"/>
      <line num="43" count="8" type="stmt"/>
      <line num="44" count="8" type="stmt"/>
      <line num="46" count="8" type="stmt"/>
      <line num="47" count="104" type="stmt"/>
      <line num="48" count="104" type="stmt"/>
      <line num="49" count="24" type="stmt"/>
      <line num="50" count="24" type="stmt"/>
      <line num="54" count="8" type="cond" truecount="4" falsecount="0"/>
      <line num="55" count="1" type="stmt"/>
      <line num="58" count="7" type="stmt"/>
      <line num="65" count="11" type="stmt"/>
      <line num="67" count="11" type="cond" truecount="5" falsecount="0"/>
      <line num="69" count="5" type="stmt"/>
      <line num="75" count="5" type="stmt"/>
      <line num="76" count="5" type="stmt"/>
      <line num="78" count="5" type="stmt"/>
      <line num="79" count="65" type="stmt"/>
      <line num="80" count="16" type="stmt"/>
      <line num="81" count="16" type="stmt"/>
      <line num="84" count="5" type="stmt"/>
      <line num="92" count="2" type="stmt"/>
      <line num="101" count="4" type="stmt"/>
      <line num="103" count="4" type="cond" truecount="2" falsecount="0"/>
      <line num="104" count="2" type="cond" truecount="4" falsecount="0"/>
      <line num="105" count="1" type="stmt"/>
      <line num="108" count="1" type="stmt"/>
      <line num="110" count="2" type="cond" truecount="1" falsecount="1"/>
      <line num="111" count="2" type="stmt"/>
      <line num="114" count="4" type="stmt"/>
      <line num="127" count="1" type="stmt"/>
      <line num="128" count="5" type="stmt"/>
      <line num="130" count="5" type="cond" truecount="4" falsecount="0"/>
      <line num="131" count="1" type="stmt"/>
      <line num="134" count="4" type="stmt"/>
      <line num="136" count="4" type="cond" truecount="2" falsecount="0"/>
      <line num="137" count="2" type="stmt"/>
      <line num="140" count="2" type="stmt"/>
      <line num="144" count="1" type="stmt"/>
      <line num="145" count="4" type="stmt"/>
      <line num="147" count="4" type="cond" truecount="4" falsecount="0"/>
      <line num="148" count="1" type="stmt"/>
      <line num="151" count="3" type="stmt"/>
      <line num="153" count="3" type="cond" truecount="2" falsecount="0"/>
      <line num="154" count="2" type="stmt"/>
      <line num="157" count="1" type="stmt"/>
      <line num="165" count="1" type="cond" truecount="1" falsecount="1"/>
      <line num="166" count="0" type="stmt"/>
      <line num="167" count="0" type="stmt"/>
      <line num="172" count="1" type="stmt"/>
    </file>
  </project>
</coverage>
