{"C:\\Users\\tisan\\Documents\\numeros-romanos-StefaniaBrts-master\\romanos.js": {"path":"C:\\Users\\tisan\\Documents\\numeros-romanos-StefaniaBrts-master\\romanos.js","statementMap":{"0":{"start":{"line":1,"column":16},"end":{"line":1,"column":34}},"1":{"start":{"line":2,"column":12},"end":{"line":2,"column":21}},"2":{"start":{"line":3,"column":13},"end":{"line":3,"column":37}},"3":{"start":{"line":6,"column":0},"end":{"line":6,"column":24}},"4":{"start":{"line":13,"column":18},"end":{"line":27,"column":1}},"5":{"start":{"line":30,"column":20},"end":{"line":30,"column":80}},"6":{"start":{"line":36,"column":21},"end":{"line":36,"column":40}},"7":{"start":{"line":38,"column":2},"end":{"line":40,"column":3}},"8":{"start":{"line":39,"column":4},"end":{"line":39,"column":16}},"9":{"start":{"line":42,"column":15},"end":{"line":42,"column":16}},"10":{"start":{"line":43,"column":10},"end":{"line":43,"column":11}},"11":{"start":{"line":44,"column":23},"end":{"line":44,"column":45}},"12":{"start":{"line":46,"column":2},"end":{"line":52,"column":3}},"13":{"start":{"line":47,"column":18},"end":{"line":47,"column":35}},"14":{"start":{"line":48,"column":4},"end":{"line":51,"column":5}},"15":{"start":{"line":49,"column":6},"end":{"line":49,"column":22}},"16":{"start":{"line":50,"column":6},"end":{"line":50,"column":25}},"17":{"start":{"line":54,"column":2},"end":{"line":56,"column":3}},"18":{"start":{"line":55,"column":4},"end":{"line":55,"column":16}},"19":{"start":{"line":58,"column":2},"end":{"line":58,"column":16}},"20":{"start":{"line":65,"column":12},"end":{"line":65,"column":23}},"21":{"start":{"line":67,"column":2},"end":{"line":67,"column":61}},"22":{"start":{"line":67,"column":49},"end":{"line":67,"column":61}},"23":{"start":{"line":69,"column":16},"end":{"line":73,"column":3}},"24":{"start":{"line":75,"column":15},"end":{"line":75,"column":17}},"25":{"start":{"line":76,"column":16},"end":{"line":76,"column":17}},"26":{"start":{"line":78,"column":2},"end":{"line":83,"column":3}},"27":{"start":{"line":79,"column":4},"end":{"line":82,"column":5}},"28":{"start":{"line":80,"column":6},"end":{"line":80,"column":22}},"29":{"start":{"line":81,"column":6},"end":{"line":81,"column":23}},"30":{"start":{"line":84,"column":2},"end":{"line":84,"column":16}},"31":{"start":{"line":92,"column":2},"end":{"line":97,"column":5}},"32":{"start":{"line":101,"column":15},"end":{"line":101,"column":97}},"33":{"start":{"line":103,"column":2},"end":{"line":112,"column":3}},"34":{"start":{"line":104,"column":4},"end":{"line":109,"column":5}},"35":{"start":{"line":105,"column":6},"end":{"line":105,"column":96}},"36":{"start":{"line":108,"column":6},"end":{"line":108,"column":103}},"37":{"start":{"line":110,"column":9},"end":{"line":112,"column":3}},"38":{"start":{"line":111,"column":4},"end":{"line":111,"column":109}},"39":{"start":{"line":114,"column":0},"end":{"line":119,"column":3}},"40":{"start":{"line":127,"column":0},"end":{"line":141,"column":3}},"41":{"start":{"line":128,"column":23},"end":{"line":128,"column":38}},"42":{"start":{"line":130,"column":2},"end":{"line":132,"column":3}},"43":{"start":{"line":131,"column":4},"end":{"line":131,"column":44}},"44":{"start":{"line":134,"column":23},"end":{"line":134,"column":50}},"45":{"start":{"line":136,"column":2},"end":{"line":138,"column":3}},"46":{"start":{"line":137,"column":4},"end":{"line":137,"column":61}},"47":{"start":{"line":140,"column":2},"end":{"line":140,"column":44}},"48":{"start":{"line":144,"column":0},"end":{"line":158,"column":3}},"49":{"start":{"line":145,"column":17},"end":{"line":145,"column":33}},"50":{"start":{"line":147,"column":2},"end":{"line":149,"column":3}},"51":{"start":{"line":148,"column":4},"end":{"line":148,"column":45}},"52":{"start":{"line":151,"column":16},"end":{"line":151,"column":37}},"53":{"start":{"line":153,"column":2},"end":{"line":155,"column":3}},"54":{"start":{"line":154,"column":4},"end":{"line":154,"column":56}},"55":{"start":{"line":157,"column":2},"end":{"line":157,"column":29}},"56":{"start":{"line":165,"column":0},"end":{"line":169,"column":1}},"57":{"start":{"line":166,"column":2},"end":{"line":168,"column":5}},"58":{"start":{"line":167,"column":4},"end":{"line":167,"column":56}},"59":{"start":{"line":172,"column":0},"end":{"line":180,"column":2}}},"fnMap":{"0":{"name":"romanToArabic","decl":{"start":{"line":35,"column":9},"end":{"line":35,"column":22}},"loc":{"start":{"line":35,"column":30},"end":{"line":59,"column":1}},"line":35},"1":{"name":"arabicToRoman","decl":{"start":{"line":64,"column":9},"end":{"line":64,"column":22}},"loc":{"start":{"line":64,"column":28},"end":{"line":85,"column":1}},"line":64},"2":{"name":"handleMissingParam","decl":{"start":{"line":91,"column":9},"end":{"line":91,"column":27}},"loc":{"start":{"line":91,"column":44},"end":{"line":98,"column":1}},"line":91},"3":{"name":"handleConversionError","decl":{"start":{"line":100,"column":9},"end":{"line":100,"column":30}},"loc":{"start":{"line":100,"column":54},"end":{"line":120,"column":1}},"line":100},"4":{"name":"(anonymous_4)","decl":{"start":{"line":127,"column":16},"end":{"line":127,"column":17}},"loc":{"start":{"line":127,"column":30},"end":{"line":141,"column":1}},"line":127},"5":{"name":"(anonymous_5)","decl":{"start":{"line":144,"column":16},"end":{"line":144,"column":17}},"loc":{"start":{"line":144,"column":30},"end":{"line":158,"column":1}},"line":144},"6":{"name":"(anonymous_6)","decl":{"start":{"line":166,"column":19},"end":{"line":166,"column":20}},"loc":{"start":{"line":166,"column":25},"end":{"line":168,"column":3}},"line":166}},"branchMap":{"0":{"loc":{"start":{"line":3,"column":13},"end":{"line":3,"column":37}},"type":"binary-expr","locations":[{"start":{"line":3,"column":13},"end":{"line":3,"column":29}},{"start":{"line":3,"column":33},"end":{"line":3,"column":37}}],"line":3},"1":{"loc":{"start":{"line":38,"column":2},"end":{"line":40,"column":3}},"type":"if","locations":[{"start":{"line":38,"column":2},"end":{"line":40,"column":3}},{"start":{},"end":{}}],"line":38},"2":{"loc":{"start":{"line":54,"column":2},"end":{"line":56,"column":3}},"type":"if","locations":[{"start":{"line":54,"column":2},"end":{"line":56,"column":3}},{"start":{},"end":{}}],"line":54},"3":{"loc":{"start":{"line":54,"column":6},"end":{"line":54,"column":33}},"type":"binary-expr","locations":[{"start":{"line":54,"column":6},"end":{"line":54,"column":16}},{"start":{"line":54,"column":20},"end":{"line":54,"column":33}}],"line":54},"4":{"loc":{"start":{"line":67,"column":2},"end":{"line":67,"column":61}},"type":"if","locations":[{"start":{"line":67,"column":2},"end":{"line":67,"column":61}},{"start":{},"end":{}}],"line":67},"5":{"loc":{"start":{"line":67,"column":6},"end":{"line":67,"column":47}},"type":"binary-expr","locations":[{"start":{"line":67,"column":6},"end":{"line":67,"column":26}},{"start":{"line":67,"column":30},"end":{"line":67,"column":35}},{"start":{"line":67,"column":39},"end":{"line":67,"column":47}}],"line":67},"6":{"loc":{"start":{"line":103,"column":2},"end":{"line":112,"column":3}},"type":"if","locations":[{"start":{"line":103,"column":2},"end":{"line":112,"column":3}},{"start":{"line":110,"column":9},"end":{"line":112,"column":3}}],"line":103},"7":{"loc":{"start":{"line":104,"column":4},"end":{"line":109,"column":5}},"type":"if","locations":[{"start":{"line":104,"column":4},"end":{"line":109,"column":5}},{"start":{"line":106,"column":11},"end":{"line":109,"column":5}}],"line":104},"8":{"loc":{"start":{"line":104,"column":8},"end":{"line":104,"column":66}},"type":"binary-expr","locations":[{"start":{"line":104,"column":8},"end":{"line":104,"column":35}},{"start":{"line":104,"column":39},"end":{"line":104,"column":66}}],"line":104},"9":{"loc":{"start":{"line":110,"column":9},"end":{"line":112,"column":3}},"type":"if","locations":[{"start":{"line":110,"column":9},"end":{"line":112,"column":3}},{"start":{},"end":{}}],"line":110},"10":{"loc":{"start":{"line":130,"column":2},"end":{"line":132,"column":3}},"type":"if","locations":[{"start":{"line":130,"column":2},"end":{"line":132,"column":3}},{"start":{},"end":{}}],"line":130},"11":{"loc":{"start":{"line":130,"column":6},"end":{"line":130,"column":55}},"type":"binary-expr","locations":[{"start":{"line":130,"column":6},"end":{"line":130,"column":32}},{"start":{"line":130,"column":36},"end":{"line":130,"column":55}}],"line":130},"12":{"loc":{"start":{"line":136,"column":2},"end":{"line":138,"column":3}},"type":"if","locations":[{"start":{"line":136,"column":2},"end":{"line":138,"column":3}},{"start":{},"end":{}}],"line":136},"13":{"loc":{"start":{"line":147,"column":2},"end":{"line":149,"column":3}},"type":"if","locations":[{"start":{"line":147,"column":2},"end":{"line":149,"column":3}},{"start":{},"end":{}}],"line":147},"14":{"loc":{"start":{"line":147,"column":6},"end":{"line":147,"column":43}},"type":"binary-expr","locations":[{"start":{"line":147,"column":6},"end":{"line":147,"column":26}},{"start":{"line":147,"column":30},"end":{"line":147,"column":43}}],"line":147},"15":{"loc":{"start":{"line":153,"column":2},"end":{"line":155,"column":3}},"type":"if","locations":[{"start":{"line":153,"column":2},"end":{"line":155,"column":3}},{"start":{},"end":{}}],"line":153},"16":{"loc":{"start":{"line":165,"column":0},"end":{"line":169,"column":1}},"type":"if","locations":[{"start":{"line":165,"column":0},"end":{"line":169,"column":1}},{"start":{},"end":{}}],"line":165}},"s":{"0":1,"1":1,"2":1,"3":1,"4":1,"5":1,"6":13,"7":13,"8":5,"9":8,"10":8,"11":8,"12":8,"13":104,"14":104,"15":24,"16":24,"17":8,"18":1,"19":7,"20":11,"21":11,"22":6,"23":5,"24":5,"25":5,"26":5,"27":65,"28":16,"29":16,"30":5,"31":2,"32":4,"33":4,"34":2,"35":1,"36":1,"37":2,"38":2,"39":4,"40":1,"41":5,"42":5,"43":1,"44":4,"45":4,"46":2,"47":2,"48":1,"49":4,"50":4,"51":1,"52":3,"53":3,"54":2,"55":1,"56":1,"57":0,"58":0,"59":1},"f":{"0":13,"1":11,"2":2,"3":4,"4":5,"5":4,"6":0},"b":{"0":[1,1],"1":[5,8],"2":[1,7],"3":[8,7],"4":[6,5],"5":[11,8,7],"6":[2,2],"7":[1,1],"8":[2,1],"9":[2,0],"10":[1,4],"11":[5,4],"12":[2,2],"13":[1,3],"14":[4,3],"15":[2,1],"16":[0,1]},"_coverageSchema":"1a1c01bbd47fc00a2c39e90264f33305004495a9","hash":"2a4cd9cccc997df5ddf836446ec53982f938ede8"}
}
