TN:
SF:romanos.js
FN:35,romanToArabic
FN:64,arabicToRoman
FN:91,handleMissingParam
FN:100,handleConversionError
FN:127,(anonymous_4)
FN:144,(anonymous_5)
FN:166,(anonymous_6)
FNF:7
FNH:6
FNDA:13,romanToArabic
FNDA:11,arabicToRoman
FNDA:2,handleMissingParam
FNDA:4,handleConversionError
FNDA:5,(anonymous_4)
FNDA:4,(anonymous_5)
FNDA:0,(anonymous_6)
DA:1,1
DA:2,1
DA:3,1
DA:6,1
DA:13,1
DA:30,1
DA:36,13
DA:38,13
DA:39,5
DA:42,8
DA:43,8
DA:44,8
DA:46,8
DA:47,104
DA:48,104
DA:49,24
DA:50,24
DA:54,8
DA:55,1
DA:58,7
DA:65,11
DA:67,11
DA:69,5
DA:75,5
DA:76,5
DA:78,5
DA:79,65
DA:80,16
DA:81,16
DA:84,5
DA:92,2
DA:101,4
DA:103,4
DA:104,2
DA:105,1
DA:108,1
DA:110,2
DA:111,2
DA:114,4
DA:127,1
DA:128,5
DA:130,5
DA:131,1
DA:134,4
DA:136,4
DA:137,2
DA:140,2
DA:144,1
DA:145,4
DA:147,4
DA:148,1
DA:151,3
DA:153,3
DA:154,2
DA:157,1
DA:165,1
DA:166,0
DA:167,0
DA:172,1
LF:59
LH:57
BRDA:3,0,0,1
BRDA:3,0,1,1
BRDA:38,1,0,5
BRDA:38,1,1,8
BRDA:54,2,0,1
BRDA:54,2,1,7
BRDA:54,3,0,8
BRDA:54,3,1,7
BRDA:67,4,0,6
BRDA:67,4,1,5
BRDA:67,5,0,11
BRDA:67,5,1,8
BRDA:67,5,2,7
BRDA:103,6,0,2
BRDA:103,6,1,2
BRDA:104,7,0,1
BRDA:104,7,1,1
BRDA:104,8,0,2
BRDA:104,8,1,1
BRDA:110,9,0,2
BRDA:110,9,1,0
BRDA:130,10,0,1
BRDA:130,10,1,4
BRDA:130,11,0,5
BRDA:130,11,1,4
BRDA:136,12,0,2
BRDA:136,12,1,2
BRDA:147,13,0,1
BRDA:147,13,1,3
BRDA:147,14,0,4
BRDA:147,14,1,3
BRDA:153,15,0,2
BRDA:153,15,1,1
BRDA:165,16,0,0
BRDA:165,16,1,1
BRF:35
BRH:33
end_of_record
