<?xml version="1.0" encoding="UTF-8"?>
<coverage generated="1759270294677" clover="3.2.0">
  <project timestamp="1759270294677" name="All files">
    <metrics statements="26" coveredstatements="11" conditionals="14" coveredconditionals="5" methods="6" coveredmethods="4" elements="46" coveredelements="20" complexity="0" loc="26" ncloc="26" packages="1" files="1" classes="1"/>
    <file name="tateti-random.js" path="C:\Users\cguar\repos\upc\tateti\tateti-random\tateti-random.js">
      <metrics statements="26" coveredstatements="11" conditionals="14" coveredconditionals="5" methods="6" coveredmethods="4"/>
      <line num="1" count="1" type="stmt"/>
      <line num="2" count="1" type="stmt"/>
      <line num="3" count="1" type="cond" truecount="2" falsecount="0"/>
      <line num="5" count="1" type="stmt"/>
      <line num="6" count="0" type="stmt"/>
      <line num="9" count="0" type="cond" truecount="0" falsecount="2"/>
      <line num="10" count="0" type="stmt"/>
      <line num="13" count="0" type="stmt"/>
      <line num="14" count="0" type="stmt"/>
      <line num="16" count="0" type="stmt"/>
      <line num="19" count="0" type="cond" truecount="0" falsecount="4"/>
      <line num="20" count="0" type="stmt"/>
      <line num="23" count="0" type="stmt"/>
      <line num="25" count="0" type="cond" truecount="0" falsecount="2"/>
      <line num="26" count="0" type="stmt"/>
      <line num="29" count="0" type="stmt"/>
      <line num="30" count="0" type="stmt"/>
      <line num="33" count="1" type="cond" truecount="1" falsecount="1"/>
      <line num="34" count="0" type="stmt"/>
      <line num="35" count="0" type="stmt"/>
      <line num="40" count="1" type="stmt"/>
      <line num="41" count="1" type="stmt"/>
      <line num="45" count="6" type="stmt"/>
      <line num="46" count="45" type="cond" truecount="2" falsecount="0"/>
      <line num="47" count="45" type="stmt"/>
      <line num="50" count="1" type="stmt"/>
    </file>
  </project>
</coverage>
