{"C:\\Users\\cguar\\repos\\upc\\tateti\\tateti-random\\tateti-random.js": {"path":"C:\\Users\\cguar\\repos\\upc\\tateti\\tateti-random\\tateti-random.js","statementMap":{"0":{"start":{"line":1,"column":17},"end":{"line":1,"column":35}},"1":{"start":{"line":2,"column":12},"end":{"line":2,"column":21}},"2":{"start":{"line":3,"column":13},"end":{"line":3,"column":37}},"3":{"start":{"line":5,"column":0},"end":{"line":31,"column":3}},"4":{"start":{"line":6,"column":21},"end":{"line":6,"column":36}},"5":{"start":{"line":9,"column":2},"end":{"line":11,"column":3}},"6":{"start":{"line":10,"column":4},"end":{"line":10,"column":104}},"7":{"start":{"line":13,"column":2},"end":{"line":17,"column":3}},"8":{"start":{"line":14,"column":4},"end":{"line":14,"column":35}},"9":{"start":{"line":16,"column":4},"end":{"line":16,"column":96}},"10":{"start":{"line":19,"column":2},"end":{"line":21,"column":3}},"11":{"start":{"line":20,"column":4},"end":{"line":20,"column":92}},"12":{"start":{"line":23,"column":25},"end":{"line":23,"column":48}},"13":{"start":{"line":25,"column":2},"end":{"line":27,"column":3}},"14":{"start":{"line":26,"column":4},"end":{"line":26,"column":78}},"15":{"start":{"line":29,"column":15},"end":{"line":29,"column":45}},"16":{"start":{"line":30,"column":2},"end":{"line":30,"column":40}},"17":{"start":{"line":33,"column":0},"end":{"line":37,"column":1}},"18":{"start":{"line":34,"column":2},"end":{"line":36,"column":5}},"19":{"start":{"line":35,"column":4},"end":{"line":35,"column":70}},"20":{"start":{"line":40,"column":26},"end":{"line":40,"column":71}},"21":{"start":{"line":41,"column":2},"end":{"line":41,"column":37}},"22":{"start":{"line":45,"column":2},"end":{"line":47,"column":39}},"23":{"start":{"line":46,"column":28},"end":{"line":46,"column":54}},"24":{"start":{"line":47,"column":23},"end":{"line":47,"column":37}},"25":{"start":{"line":50,"column":0},"end":{"line":50,"column":59}}},"fnMap":{"0":{"name":"(anonymous_0)","decl":{"start":{"line":5,"column":17},"end":{"line":5,"column":18}},"loc":{"start":{"line":5,"column":31},"end":{"line":31,"column":1}},"line":5},"1":{"name":"(anonymous_1)","decl":{"start":{"line":34,"column":19},"end":{"line":34,"column":20}},"loc":{"start":{"line":34,"column":25},"end":{"line":36,"column":3}},"line":34},"2":{"name":"elegirPosicion","decl":{"start":{"line":39,"column":9},"end":{"line":39,"column":23}},"loc":{"start":{"line":39,"column":36},"end":{"line":42,"column":1}},"line":39},"3":{"name":"posicionesVacias","decl":{"start":{"line":44,"column":9},"end":{"line":44,"column":25}},"loc":{"start":{"line":44,"column":33},"end":{"line":48,"column":1}},"line":44},"4":{"name":"(anonymous_4)","decl":{"start":{"line":46,"column":9},"end":{"line":46,"column":10}},"loc":{"start":{"line":46,"column":28},"end":{"line":46,"column":54}},"line":46},"5":{"name":"(anonymous_5)","decl":{"start":{"line":47,"column":12},"end":{"line":47,"column":13}},"loc":{"start":{"line":47,"column":23},"end":{"line":47,"column":37}},"line":47}},"branchMap":{"0":{"loc":{"start":{"line":3,"column":13},"end":{"line":3,"column":37}},"type":"binary-expr","locations":[{"start":{"line":3,"column":13},"end":{"line":3,"column":29}},{"start":{"line":3,"column":33},"end":{"line":3,"column":37}}],"line":3},"1":{"loc":{"start":{"line":9,"column":2},"end":{"line":11,"column":3}},"type":"if","locations":[{"start":{"line":9,"column":2},"end":{"line":11,"column":3}},{"start":{},"end":{}}],"line":9},"2":{"loc":{"start":{"line":19,"column":2},"end":{"line":21,"column":3}},"type":"if","locations":[{"start":{"line":19,"column":2},"end":{"line":21,"column":3}},{"start":{},"end":{}}],"line":19},"3":{"loc":{"start":{"line":19,"column":6},"end":{"line":19,"column":49}},"type":"binary-expr","locations":[{"start":{"line":19,"column":6},"end":{"line":19,"column":27}},{"start":{"line":19,"column":31},"end":{"line":19,"column":49}}],"line":19},"4":{"loc":{"start":{"line":25,"column":2},"end":{"line":27,"column":3}},"type":"if","locations":[{"start":{"line":25,"column":2},"end":{"line":27,"column":3}},{"start":{},"end":{}}],"line":25},"5":{"loc":{"start":{"line":33,"column":0},"end":{"line":37,"column":1}},"type":"if","locations":[{"start":{"line":33,"column":0},"end":{"line":37,"column":1}},{"start":{},"end":{}}],"line":33},"6":{"loc":{"start":{"line":46,"column":28},"end":{"line":46,"column":54}},"type":"cond-expr","locations":[{"start":{"line":46,"column":42},"end":{"line":46,"column":47}},{"start":{"line":46,"column":50},"end":{"line":46,"column":54}}],"line":46}},"s":{"0":1,"1":1,"2":1,"3":1,"4":0,"5":0,"6":0,"7":0,"8":0,"9":0,"10":0,"11":0,"12":0,"13":0,"14":0,"15":0,"16":0,"17":1,"18":0,"19":0,"20":1,"21":1,"22":6,"23":45,"24":45,"25":1},"f":{"0":0,"1":0,"2":1,"3":6,"4":45,"5":45},"b":{"0":[1,1],"1":[0,0],"2":[0,0],"3":[0,0],"4":[0,0],"5":[0,1],"6":[13,32]},"_coverageSchema":"1a1c01bbd47fc00a2c39e90264f33305004495a9","hash":"619b726d2078d770c5f25de1af0458d7313f51ce"}
}
