TN:
SF:tateti-random.js
FN:5,(anonymous_0)
FN:34,(anonymous_1)
FN:39,elegirPosicion
FN:44,posicionesVacias
FN:46,(anonymous_4)
FN:47,(anonymous_5)
FNF:6
FNH:4
FNDA:0,(anonymous_0)
FNDA:0,(anonymous_1)
FNDA:1,elegirPosicion
FNDA:6,posicionesVacias
FNDA:45,(anonymous_4)
FNDA:45,(anonymous_5)
DA:1,1
DA:2,1
DA:3,1
DA:5,1
DA:6,0
DA:9,0
DA:10,0
DA:13,0
DA:14,0
DA:16,0
DA:19,0
DA:20,0
DA:23,0
DA:25,0
DA:26,0
DA:29,0
DA:30,0
DA:33,1
DA:34,0
DA:35,0
DA:40,1
DA:41,1
DA:45,6
DA:46,45
DA:47,45
DA:50,1
LF:26
LH:11
BRDA:3,0,0,1
BRDA:3,0,1,1
BRDA:9,1,0,0
BRDA:9,1,1,0
BRDA:19,2,0,0
BRDA:19,2,1,0
BRDA:19,3,0,0
BRDA:19,3,1,0
BRDA:25,4,0,0
BRDA:25,4,1,0
BRDA:33,5,0,0
BRDA:33,5,1,1
BRDA:46,6,0,13
BRDA:46,6,1,32
BRF:14
BRH:5
end_of_record
